Reading F:/modeltech64_10.5/tcl/vsim/pref.tcl

# 10.5

# do runsim.do
# Model Technology ModelSim SE-64 vmap 10.5 Lib Mapping Utility 2016.02 Feb 13 2016
# vmap -c 
# Copying F:/modeltech64_10.5/win64/../modelsim.ini to modelsim.ini
# Model Technology ModelSim SE-64 vmap 10.5 Lib Mapping Utility 2016.02 Feb 13 2016
# vmap work work 
# Modifying modelsim.ini
# Model Technology ModelSim SE-64 vcom 10.5 Compiler 2016.02 Feb 13 2016
# Start time: 21:36:03 on Dec 05,2018
# vcom -work work D:/git_repos/VHDL/uart/cocotb/UART_TX_2/../../source/uart_tx_hello_world.vhd 
# -- Loading package STANDARD
# -- Loading package TEXTIO
# -- Loading package std_logic_1164
# -- Loading package NUMERIC_STD
# -- Compiling entity uart_tx_hello_world
# -- Compiling architecture Behavioral of uart_tx_hello_world
# End time: 21:36:03 on Dec 05,2018, Elapsed time: 0:00:00
# Errors: 0, Warnings: 0
# ** Warning: (vsim-159) Mode option -64 is not supported in this context and will be ignored.
# vsim -onfinish exit -foreign "cocotb_init libfli.dll" uart_tx_hello_world 
# Start time: 21:36:03 on Dec 05,2018
# ** Note: (vsim-3812) Design is being optimized...
# ** Warning: D:/git_repos/VHDL/uart/cocotb/UART_TX_2/../../source/uart_tx_hello_world.vhd(57): (vopt-3473) Component instance "/uart_tx_hello_world/uart_tx_1 : uart_tx" is not bound.
# //  ModelSim SE-64 10.5 Feb 13 2016 
# //
# //  Copyright 1991-2016 Mentor Graphics Corporation
# //  All Rights Reserved.
# //
# //  ModelSim SE-64 and its associated documentation contain trade
# //  secrets and commercial or financial information that are the property of
# //  Mentor Graphics Corporation and are privileged, confidential,
# //  and exempt from disclosure under the Freedom of Information Act,
# //  5 U.S.C. Section 552. Furthermore, this information
# //  is prohibited from disclosure under the Trade Secrets Act,
# //  18 U.S.C. Section 1905.
# //
# Loading std.standard
# Loading std.textio(body)
# Loading ieee.std_logic_1164(body)
# Loading ieee.numeric_std(body)
# Loading work.uart_tx_hello_world(behavioral)#1
# ** Warning: (vsim-3473) Component instance "uart_tx_1 : uart_tx" is not bound.
#    Time: 0 ns  Iteration: 0  Instance: /uart_tx_hello_world File: D:/git_repos/VHDL/uart/cocotb/UART_TX_2/../../source/uart_tx_hello_world.vhd
# Loading libfli.dll
#     0.00ns INFO     cocotb.gpi                                  gpi_embed.c:278  in embed_sim_init                  Running on ModelSim SE-64 version 10.5 2016.02
# 
#     0.00ns INFO     cocotb.gpi                                  gpi_embed.c:279  in embed_sim_init                  Python interpreter initialised and cocotb loaded!
# 
#     0.00ns INFO     cocotb                                      __init__.py:118  in _initialise_testbench           Running tests with Cocotb v1.0.1 from C:/cocotb
# 
#     0.00ns INFO     cocotb                                      __init__.py:134  in _initialise_testbench           Seeding Python random module with 1544006164
# 
#     0.00ns INFO     cocotb.regression                         regression.py:187  in _initialise                     Found test test_uart_tx_hello_world_state_machine.uart_tx_test
# 
#     0.00ns INFO     cocotb.regression                         regression.py:319  in execute                         Running test 1/1: uart_tx_test
# 
#     0.00ns INFO     ...coroutine.uart_tx_test.0x66596a0       decorators.py:211  in send                            Starting test: "uart_tx_test"
# 
#                                                                                                                     Description: None
# 
# Started UART TX test
# 
#   100.00ns CRITICAL cocotb.i_start                                handle.py:624  in setimmediatevalue               Unsupported type for value assignment: <class 'str'> ('1')
# 
# Simulation halt requested by foreign interface.
ERROR: called callback function returned NULL
Failed to execute callback due to python exception
# End time: 21:36:04 on Dec 05,2018, Elapsed time: 0:00:01
# Errors: 0, Warnings: 3
